<?xml version="1.0" encoding="UTF-8"?>
<!-- Generated by org.testng.reporters.JUnitReportReporter -->
<testsuite skipped="0" hostname="DESKTOP-GBMD9S2" name="com.qa.multicart.test.LoginPageTest" tests="4" failures="0" timestamp="2021-02-06T02:57:29 EST" time="2.420" errors="0">
  <testcase name="verifySingUpLinks" time="0.378" classname="com.qa.multicart.test.LoginPageTest"/>
  <system-out/>
  <testcase name="verifyPageTitle" time="0.007" classname="com.qa.multicart.test.LoginPageTest"/>
  <system-out/>
  <testcase name="loginTest" time="0.959" classname="com.qa.multicart.test.LoginPageTest"/>
  <system-out/>
  <testcase name="logOutTest" time="1.076" classname="com.qa.multicart.test.LoginPageTest"/>
  <system-out/>
</testsuite> <!-- com.qa.multicart.test.LoginPageTest -->
