<?xml version="1.0" encoding="UTF-8"?>
<!-- Generated by org.testng.reporters.JUnitReportReporter -->
<testsuite skipped="0" hostname="DESKTOP-GBMD9S2" name="com.qa.multicart.test.RegistrationPageTest" tests="1" failures="0" timestamp="2021-02-06T03:45:49 EST" time="0.858" errors="0">
  <testcase name="createAccountTest" time="0.858" classname="com.qa.multicart.test.RegistrationPageTest"/>
  <system-out/>
</testsuite> <!-- com.qa.multicart.test.RegistrationPageTest -->
