<?xml version="1.0" encoding="UTF-8"?>
<!-- Generated by org.testng.reporters.JUnitReportReporter -->
<testsuite skipped="0" hostname="DESKTOP-GBMD9S2" name="allureReports.AllureRepoting" tests="1" failures="0" timestamp="2021-01-20T00:55:35 EST" time="15.292" errors="0">
  <testcase name="validateTitle" time="15.292" classname="allureReports.AllureRepoting"/>
  <system-out/>
</testsuite> <!-- allureReports.AllureRepoting -->
