<?xml version="1.0" encoding="UTF-8"?>
<!-- Generated by org.testng.reporters.JUnitReportReporter -->
<testsuite skipped="0" hostname="DESKTOP-GBMD9S2" name="SimpleEvenetListener.Facebook_title" tests="1" failures="0" timestamp="2021-01-20T00:55:35 EST" time="11.137" errors="0">
  <testcase name="understandingListener" time="11.137" classname="SimpleEvenetListener.Facebook_title"/>
  <system-out/>
</testsuite> <!-- SimpleEvenetListener.Facebook_title -->
