<?xml version="1.0" encoding="UTF-8"?>
<!-- Generated by org.testng.reporters.JUnitReportReporter -->
<testsuite skipped="0" hostname="DESKTOP-GBMD9S2" name="abstraction.Test_Abstraction" tests="1" failures="0" timestamp="2021-02-20T02:33:57 EST" time="0.018" errors="0">
  <testcase name="test" time="0.018" classname="abstraction.Test_Abstraction"/>
  <system-out/>
</testsuite> <!-- abstraction.Test_Abstraction -->
