<?xml version="1.0" encoding="UTF-8"?>
<!-- Generated by org.testng.reporters.JUnitReportReporter -->
<testsuite skipped="0" hostname="DESKTOP-GBMD9S2" name="abstraction.Test_Abstraction" tests="1" failures="0" timestamp="2021-01-22T08:40:54 EST" time="0.028" errors="0">
  <testcase name="test" time="0.028" classname="abstraction.Test_Abstraction"/>
  <system-out/>
</testsuite> <!-- abstraction.Test_Abstraction -->
