<?xml version="1.0" encoding="UTF-8"?>
<!-- Generated by org.testng.reporters.JUnitReportReporter -->
<testsuite skipped="0" hostname="DESKTOP-GBMD9S2" name="testNG_Allure_Reports.GoogleTest" tests="1" failures="0" timestamp="2021-02-03T02:54:37 EST" time="79.266" errors="0">
  <testcase name="verifyGoogle" time="79.266" classname="testNG_Allure_Reports.GoogleTest"/>
  <system-out/>
</testsuite> <!-- testNG_Allure_Reports.GoogleTest -->
