<?xml version="1.0" encoding="UTF-8"?>
<!-- Generated by org.testng.reporters.JUnitReportReporter -->
<testsuite skipped="0" hostname="DESKTOP-GBMD9S2" name="testNG_Allure_Reports.VeryfiyFcaebook" tests="2" failures="0" timestamp="2021-02-03T02:54:37 EST" time="25.187" errors="0">
  <testcase name="verifyFacebookURL" time="11.180" classname="testNG_Allure_Reports.VeryfiyFcaebook"/>
  <system-out/>
  <testcase name="verifyFacebookTitle" time="14.007" classname="testNG_Allure_Reports.VeryfiyFcaebook"/>
  <system-out/>
</testsuite> <!-- testNG_Allure_Reports.VeryfiyFcaebook -->
