<?xml version="1.0" encoding="UTF-8"?>
<!-- Generated by org.testng.reporters.JUnitReportReporter -->
<testsuite skipped="0" hostname="DESKTOP-GBMD9S2" name="allytest.AmazonAllyTest" tests="1" failures="1" timestamp="2021-02-19T02:53:04 EST" time="24.462" errors="0">
  <testcase name="test" time="24.462" classname="allytest.AmazonAllyTest">
    <failure type="java.lang.AssertionError" message="Found 6 accessibility violations:
1) ARIA hidden element must not contain focusable elements: https://dequeuniversity.com/rules/axe/3.5/aria-hidden-focus?application=axeAPI
  a) [&quot;.a-carousel-card[aria-setsize=\&quot;\\37 \&quot;][aria-posinset=\&quot;\\33 \&quot;]&quot;]
    Fix all of the following:
      Focusable content should have tabindex=&#039;-1&#039; or be removed from the DOM


2) Alternative text of images should not be repeated as text: https://dequeuniversity.com/rules/axe/3.5/image-redundant-alt?application=axeAPI
  a) [&quot;img[alt=\&quot;Buy\\ Black\&quot;]&quot;]
    Fix all of the following:
      Element contains &lt;img&gt; element with alt text that duplicates existing text


  b) [&quot;img[alt=\&quot;TV\\ \\&amp;\\ Film\&quot;]&quot;]
    Fix all of the following:
      Element contains &lt;img&gt; element with alt text that duplicates existing text


  c) [&quot;img[alt=\&quot;Books\&quot;]&quot;]
    Fix all of the following:
      Element contains &lt;img&gt; element with alt text that duplicates existing text


  d) [&quot;img[alt=\&quot;Music\&quot;]&quot;]
    Fix all of the following:
      Element contains &lt;img&gt; element with alt text that duplicates existing text


  e) [&quot;img[alt=\&quot;Ring\\ Video\\ Doorbell\\ Pro\&quot;]&quot;]
    Fix all of the following:
      Element contains &lt;img&gt; element with alt text that duplicates existing text


  f) [&quot;img[alt=\&quot;Echo\\ Auto\&quot;]&quot;]
    Fix all of the following:
      Element contains &lt;img&gt; element with alt text that duplicates existing text


  g) [&quot;img[alt=\&quot;Kindle\\ Paperwhite\&quot;]&quot;]
    Fix all of the following:
      Element contains &lt;img&gt; element with alt text that duplicates existing text


  h) [&quot;img[alt=\&quot;Ring\\ Stick\\ Up\\ Cam\\ Wired\&quot;]&quot;]
    Fix all of the following:
      Element contains &lt;img&gt; element with alt text that duplicates existing text


  i) [&quot;img[alt=\&quot;Video\\ Doorbell\\ 3\&quot;]&quot;]
    Fix all of the following:
      Element contains &lt;img&gt; element with alt text that duplicates existing text


  j) [&quot;img[alt=\&quot;Blink\\ Mini\\ Cam\&quot;]&quot;]
    Fix all of the following:
      Element contains &lt;img&gt; element with alt text that duplicates existing text


  k) [&quot;img[alt=\&quot;Blink\\ Outdoor\\ Cam\&quot;]&quot;]
    Fix all of the following:
      Element contains &lt;img&gt; element with alt text that duplicates existing text


  l) [&quot;img[alt=\&quot;eero\\ mesh\\ wifi\&quot;]&quot;]
    Fix all of the following:
      Element contains &lt;img&gt; element with alt text that duplicates existing text


  m) [&quot;img[alt=\&quot;Necklaces\&quot;]&quot;]
    Fix all of the following:
      Element contains &lt;img&gt; element with alt text that duplicates existing text


  n) [&quot;img[alt=\&quot;Bracelets\&quot;]&quot;]
    Fix all of the following:
      Element contains &lt;img&gt; element with alt text that duplicates existing text


  o) [&quot;img[alt=\&quot;Rings\&quot;]&quot;]
    Fix all of the following:
      Element contains &lt;img&gt; element with alt text that duplicates existing text


  p) [&quot;img[alt=\&quot;Earrings\&quot;]&quot;]
    Fix all of the following:
      Element contains &lt;img&gt; element with alt text that duplicates existing text


  q) [&quot;img[alt=\&quot;Ring\\ Spotlight\&quot;]&quot;]
    Fix all of the following:
      Element contains &lt;img&gt; element with alt text that duplicates existing text


  r) [&quot;img[alt=\&quot;Solar\\ Floodlight\\ \\+\\ Bridge\&quot;]&quot;]
    Fix all of the following:
      Element contains &lt;img&gt; element with alt text that duplicates existing text


  s) [&quot;img[alt=\&quot;Ring\\ Steplight\&quot;]&quot;]
    Fix all of the following:
      Element contains &lt;img&gt; element with alt text that duplicates existing text


  t) [&quot;img[alt=\&quot;Ring\\ Smart\\ Bulb\\ kit\&quot;]&quot;]
    Fix all of the following:
      Element contains &lt;img&gt; element with alt text that duplicates existing text


  u) [&quot;img[alt=\&quot;For\\ adults\&quot;]&quot;]
    Fix all of the following:
      Element contains &lt;img&gt; element with alt text that duplicates existing text


  v) [&quot;img[alt=\&quot;For\\ babies\&quot;]&quot;]
    Fix all of the following:
      Element contains &lt;img&gt; element with alt text that duplicates existing text


  w) [&quot;img[alt=\&quot;For\\ kids\&quot;]&quot;]
    Fix all of the following:
      Element contains &lt;img&gt; element with alt text that duplicates existing text


  x) [&quot;img[alt=\&quot;For\\ teens\&quot;]&quot;]
    Fix all of the following:
      Element contains &lt;img&gt; element with alt text that duplicates existing text


  y) [&quot;img[alt=\&quot;Table\\ lamps\&quot;]&quot;]
    Fix all of the following:
      Element contains &lt;img&gt; element with alt text that duplicates existing text


  z) [&quot;img[alt=\&quot;Beds\&quot;]&quot;]
    Fix all of the following:
      Element contains &lt;img&gt; element with alt text that duplicates existing text


  aa) [&quot;img[alt=\&quot;Coffee\\ tables\&quot;]&quot;]
    Fix all of the following:
      Element contains &lt;img&gt; element with alt text that duplicates existing text


  ab) [&quot;img[alt=\&quot;Sofas\&quot;]&quot;]
    Fix all of the following:
      Element contains &lt;img&gt; element with alt text that duplicates existing text


  ac) [&quot;img[alt=\&quot;Amazon\\ Smart\\ Plug\&quot;]&quot;]
    Fix all of the following:
      Element contains &lt;img&gt; element with alt text that duplicates existing text


  ad) [&quot;img[alt=\&quot;Sengled\\ Smart\\ Bulb\&quot;]&quot;]
    Fix all of the following:
      Element contains &lt;img&gt; element with alt text that duplicates existing text


  ae) [&quot;img[alt=\&quot;Toshiba\\ Smart\\ Air\\ Purifier\&quot;]&quot;]
    Fix all of the following:
      Element contains &lt;img&gt; element with alt text that duplicates existing text


  af) [&quot;img[alt=\&quot;Wyze\\ Smart\\ Lock\&quot;]&quot;]
    Fix all of the following:
      Element contains &lt;img&gt; element with alt text that duplicates existing text


3) Form elements should have a visible label: https://dequeuniversity.com/rules/axe/3.5/label-title-only?application=axeAPI
  a) [&quot;#searchDropdownBox&quot;]
    Fix all of the following:
      Only title used to generate label for form element


4) Links must have discernible text: https://dequeuniversity.com/rules/axe/3.5/link-name?application=axeAPI
  a) [&quot;a[href$=\&quot;ref\\=footer_logo\&quot;]&quot;]
    Fix all of the following:
      Element is in tab order and does not have accessible text

    Fix any of the following:
      Element does not have text that is visible to screen readers
      aria-label attribute does not exist or is empty
      aria-labelledby attribute does not exist, references elements that do not exist or references elements that are empty
      Element&#039;s default semantics were not overridden with role=&quot;presentation&quot;
      Element&#039;s default semantics were not overridden with role=&quot;none&quot;


5) Page must contain a level-one heading: https://dequeuniversity.com/rules/axe/3.5/page-has-heading-one?application=axeAPI
  a) [&quot;html&quot;]
    Fix all of the following:
      Page must have a level-one heading


6) All page content must be contained by landmarks: https://dequeuniversity.com/rules/axe/3.5/region?application=axeAPI
  a) [&quot;#skiplink&quot;]
    Fix any of the following:
      Some page content is not contained by landmarks


  b) [&quot;#navBackToTop&quot;]
    Fix any of the following:
      Some page content is not contained by landmarks


  c) [&quot;.navFooterVerticalColumn&quot;]
    Fix any of the following:
      Some page content is not contained by landmarks


  d) [&quot;#icp-touch-link-language &gt; .icp-color-base&quot;]
    Fix any of the following:
      Some page content is not contained by landmarks


  e) [&quot;#icp-touch-link-country &gt; .icp-color-base&quot;]
    Fix any of the following:
      Some page content is not contained by landmarks


  f) [&quot;.navFooterCopyright&quot;]
    Fix any of the following:
      Some page content is not contained by landmarks

 expected [true] but found [false]">
      <![CDATA[java.lang.AssertionError: Found 6 accessibility violations:
1) ARIA hidden element must not contain focusable elements: https://dequeuniversity.com/rules/axe/3.5/aria-hidden-focus?application=axeAPI
  a) [".a-carousel-card[aria-setsize=\"\\37 \"][aria-posinset=\"\\33 \"]"]
    Fix all of the following:
      Focusable content should have tabindex='-1' or be removed from the DOM


2) Alternative text of images should not be repeated as text: https://dequeuniversity.com/rules/axe/3.5/image-redundant-alt?application=axeAPI
  a) ["img[alt=\"Buy\\ Black\"]"]
    Fix all of the following:
      Element contains <img> element with alt text that duplicates existing text


  b) ["img[alt=\"TV\\ \\&\\ Film\"]"]
    Fix all of the following:
      Element contains <img> element with alt text that duplicates existing text


  c) ["img[alt=\"Books\"]"]
    Fix all of the following:
      Element contains <img> element with alt text that duplicates existing text


  d) ["img[alt=\"Music\"]"]
    Fix all of the following:
      Element contains <img> element with alt text that duplicates existing text


  e) ["img[alt=\"Ring\\ Video\\ Doorbell\\ Pro\"]"]
    Fix all of the following:
      Element contains <img> element with alt text that duplicates existing text


  f) ["img[alt=\"Echo\\ Auto\"]"]
    Fix all of the following:
      Element contains <img> element with alt text that duplicates existing text


  g) ["img[alt=\"Kindle\\ Paperwhite\"]"]
    Fix all of the following:
      Element contains <img> element with alt text that duplicates existing text


  h) ["img[alt=\"Ring\\ Stick\\ Up\\ Cam\\ Wired\"]"]
    Fix all of the following:
      Element contains <img> element with alt text that duplicates existing text


  i) ["img[alt=\"Video\\ Doorbell\\ 3\"]"]
    Fix all of the following:
      Element contains <img> element with alt text that duplicates existing text


  j) ["img[alt=\"Blink\\ Mini\\ Cam\"]"]
    Fix all of the following:
      Element contains <img> element with alt text that duplicates existing text


  k) ["img[alt=\"Blink\\ Outdoor\\ Cam\"]"]
    Fix all of the following:
      Element contains <img> element with alt text that duplicates existing text


  l) ["img[alt=\"eero\\ mesh\\ wifi\"]"]
    Fix all of the following:
      Element contains <img> element with alt text that duplicates existing text


  m) ["img[alt=\"Necklaces\"]"]
    Fix all of the following:
      Element contains <img> element with alt text that duplicates existing text


  n) ["img[alt=\"Bracelets\"]"]
    Fix all of the following:
      Element contains <img> element with alt text that duplicates existing text


  o) ["img[alt=\"Rings\"]"]
    Fix all of the following:
      Element contains <img> element with alt text that duplicates existing text


  p) ["img[alt=\"Earrings\"]"]
    Fix all of the following:
      Element contains <img> element with alt text that duplicates existing text


  q) ["img[alt=\"Ring\\ Spotlight\"]"]
    Fix all of the following:
      Element contains <img> element with alt text that duplicates existing text


  r) ["img[alt=\"Solar\\ Floodlight\\ \\+\\ Bridge\"]"]
    Fix all of the following:
      Element contains <img> element with alt text that duplicates existing text


  s) ["img[alt=\"Ring\\ Steplight\"]"]
    Fix all of the following:
      Element contains <img> element with alt text that duplicates existing text


  t) ["img[alt=\"Ring\\ Smart\\ Bulb\\ kit\"]"]
    Fix all of the following:
      Element contains <img> element with alt text that duplicates existing text


  u) ["img[alt=\"For\\ adults\"]"]
    Fix all of the following:
      Element contains <img> element with alt text that duplicates existing text


  v) ["img[alt=\"For\\ babies\"]"]
    Fix all of the following:
      Element contains <img> element with alt text that duplicates existing text


  w) ["img[alt=\"For\\ kids\"]"]
    Fix all of the following:
      Element contains <img> element with alt text that duplicates existing text


  x) ["img[alt=\"For\\ teens\"]"]
    Fix all of the following:
      Element contains <img> element with alt text that duplicates existing text


  y) ["img[alt=\"Table\\ lamps\"]"]
    Fix all of the following:
      Element contains <img> element with alt text that duplicates existing text


  z) ["img[alt=\"Beds\"]"]
    Fix all of the following:
      Element contains <img> element with alt text that duplicates existing text


  aa) ["img[alt=\"Coffee\\ tables\"]"]
    Fix all of the following:
      Element contains <img> element with alt text that duplicates existing text


  ab) ["img[alt=\"Sofas\"]"]
    Fix all of the following:
      Element contains <img> element with alt text that duplicates existing text


  ac) ["img[alt=\"Amazon\\ Smart\\ Plug\"]"]
    Fix all of the following:
      Element contains <img> element with alt text that duplicates existing text


  ad) ["img[alt=\"Sengled\\ Smart\\ Bulb\"]"]
    Fix all of the following:
      Element contains <img> element with alt text that duplicates existing text


  ae) ["img[alt=\"Toshiba\\ Smart\\ Air\\ Purifier\"]"]
    Fix all of the following:
      Element contains <img> element with alt text that duplicates existing text


  af) ["img[alt=\"Wyze\\ Smart\\ Lock\"]"]
    Fix all of the following:
      Element contains <img> element with alt text that duplicates existing text


3) Form elements should have a visible label: https://dequeuniversity.com/rules/axe/3.5/label-title-only?application=axeAPI
  a) ["#searchDropdownBox"]
    Fix all of the following:
      Only title used to generate label for form element


4) Links must have discernible text: https://dequeuniversity.com/rules/axe/3.5/link-name?application=axeAPI
  a) ["a[href$=\"ref\\=footer_logo\"]"]
    Fix all of the following:
      Element is in tab order and does not have accessible text

    Fix any of the following:
      Element does not have text that is visible to screen readers
      aria-label attribute does not exist or is empty
      aria-labelledby attribute does not exist, references elements that do not exist or references elements that are empty
      Element's default semantics were not overridden with role="presentation"
      Element's default semantics were not overridden with role="none"


5) Page must contain a level-one heading: https://dequeuniversity.com/rules/axe/3.5/page-has-heading-one?application=axeAPI
  a) ["html"]
    Fix all of the following:
      Page must have a level-one heading


6) All page content must be contained by landmarks: https://dequeuniversity.com/rules/axe/3.5/region?application=axeAPI
  a) ["#skiplink"]
    Fix any of the following:
      Some page content is not contained by landmarks


  b) ["#navBackToTop"]
    Fix any of the following:
      Some page content is not contained by landmarks


  c) [".navFooterVerticalColumn"]
    Fix any of the following:
      Some page content is not contained by landmarks


  d) ["#icp-touch-link-language > .icp-color-base"]
    Fix any of the following:
      Some page content is not contained by landmarks


  e) ["#icp-touch-link-country > .icp-color-base"]
    Fix any of the following:
      Some page content is not contained by landmarks


  f) [".navFooterCopyright"]
    Fix any of the following:
      Some page content is not contained by landmarks

 expected [true] but found [false]
at org.testng.Assert.fail(Assert.java:99)
at org.testng.Assert.failNotEquals(Assert.java:1037)
at org.testng.Assert.assertTrue(Assert.java:45)
at allytest.AmazonAllyTest.test(AmazonAllyTest.java:41)
at sun.reflect.NativeMethodAccessorImpl.invoke0(Native Method)
at sun.reflect.NativeMethodAccessorImpl.invoke(Unknown Source)
at sun.reflect.DelegatingMethodAccessorImpl.invoke(Unknown Source)
at java.lang.reflect.Method.invoke(Unknown Source)
at org.testng.internal.MethodInvocationHelper.invokeMethod(MethodInvocationHelper.java:132)
at org.testng.internal.TestInvoker.invokeMethod(TestInvoker.java:599)
at org.testng.internal.TestInvoker.invokeTestMethod(TestInvoker.java:174)
at org.testng.internal.MethodRunner.runInSequence(MethodRunner.java:46)
at org.testng.internal.TestInvoker$MethodInvocationAgent.invoke(TestInvoker.java:822)
at org.testng.internal.TestInvoker.invokeTestMethods(TestInvoker.java:147)
at org.testng.internal.TestMethodWorker.invokeTestMethods(TestMethodWorker.java:146)
at org.testng.internal.TestMethodWorker.run(TestMethodWorker.java:128)
at java.util.ArrayList.forEach(Unknown Source)
at org.testng.TestRunner.privateRun(TestRunner.java:764)
at org.testng.TestRunner.run(TestRunner.java:585)
at org.testng.SuiteRunner.runTest(SuiteRunner.java:384)
at org.testng.SuiteRunner.runSequentially(SuiteRunner.java:378)
at org.testng.SuiteRunner.privateRun(SuiteRunner.java:337)
at org.testng.SuiteRunner.run(SuiteRunner.java:286)
at org.testng.SuiteRunnerWorker.runSuite(SuiteRunnerWorker.java:53)
at org.testng.SuiteRunnerWorker.run(SuiteRunnerWorker.java:96)
at org.testng.TestNG.runSuitesSequentially(TestNG.java:1218)
at org.testng.TestNG.runSuitesLocally(TestNG.java:1140)
at org.testng.TestNG.runSuites(TestNG.java:1069)
at org.testng.TestNG.run(TestNG.java:1037)
at org.testng.remote.AbstractRemoteTestNG.run(AbstractRemoteTestNG.java:115)
at org.testng.remote.RemoteTestNG.initAndRun(RemoteTestNG.java:251)
at org.testng.remote.RemoteTestNG.main(RemoteTestNG.java:77)
]]>
    </failure>
  </testcase> <!-- test -->
  <system-out/>
</testsuite> <!-- allytest.AmazonAllyTest -->
