<?xml version="1.0" encoding="UTF-8"?>
<!-- Generated by org.testng.reporters.JUnitReportReporter -->
<testsuite skipped="0" hostname="DESKTOP-GBMD9S2" name="testNG_Allure_Reports.TestWebDriverUtil" tests="1" failures="0" timestamp="2021-02-03T22:11:45 EST" time="13.033" errors="0">
  <testcase name="TestUtil" time="13.033" classname="testNG_Allure_Reports.TestWebDriverUtil"/>
  <system-out/>
</testsuite> <!-- testNG_Allure_Reports.TestWebDriverUtil -->
