<?xml version="1.0" encoding="UTF-8"?>
<!-- Generated by org.testng.reporters.JUnitReportReporter -->
<testsuite skipped="0" hostname="DESKTOP-GBMD9S2" name="allure_Reports.LunchBrowser" tests="1" failures="0" timestamp="2021-01-26T19:08:57 EST" time="10.832" errors="0">
  <testcase name="lunchFirefoxUsingSystemSP" time="10.832" classname="allure_Reports.LunchBrowser"/>
  <system-out/>
</testsuite> <!-- allure_Reports.LunchBrowser -->
