<?xml version="1.0" encoding="UTF-8"?>
<!-- Generated by org.testng.reporters.JUnitReportReporter -->
<testsuite skipped="0" hostname="DESKTOP-GBMD9S2" name="testNG_Allure_Reports.LunchBrowser" tests="1" failures="0" timestamp="2021-02-03T02:54:37 EST" time="8.165" errors="0">
  <testcase name="lunchFirefoxUsingSystemSP" time="8.165" classname="testNG_Allure_Reports.LunchBrowser"/>
  <system-out/>
</testsuite> <!-- testNG_Allure_Reports.LunchBrowser -->
