<?xml version="1.0" encoding="UTF-8"?>
<!-- Generated by org.testng.reporters.JUnitReportReporter -->
<testsuite skipped="0" hostname="DESKTOP-GBMD9S2" name="testNG_Allure_Reports.HeadLessBrowserConcepts" tests="1" failures="0" timestamp="2021-02-04T01:51:28 EST" time="7.843" errors="0">
  <testcase name="headlessrowserTest" time="7.843" classname="testNG_Allure_Reports.HeadLessBrowserConcepts"/>
  <system-out/>
</testsuite> <!-- testNG_Allure_Reports.HeadLessBrowserConcepts -->
