<?xml version="1.0" encoding="UTF-8"?>
<!-- Generated by org.testng.reporters.JUnitReportReporter -->
<testsuite skipped="0" hostname="DESKTOP-GBMD9S2" name="testNG_Allure_Reports.FlightBooking" tests="1" failures="0" timestamp="2021-02-20T02:15:37 EST" time="12.421" errors="0">
  <testcase name="bookOneWayTicket" time="12.421" classname="testNG_Allure_Reports.FlightBooking"/>
  <system-out/>
</testsuite> <!-- testNG_Allure_Reports.FlightBooking -->
