<?xml version="1.0" encoding="UTF-8"?>
<!-- Generated by org.testng.reporters.JUnitReportReporter -->
<testsuite skipped="0" hostname="DESKTOP-GBMD9S2" name="allure_Reports.MultiSelection" tests="1" failures="0" timestamp="2021-01-26T19:08:56 EST" time="13.875" errors="0">
  <testcase name="selectMultipleCheckbox" time="13.875" classname="allure_Reports.MultiSelection"/>
  <system-out/>
</testsuite> <!-- allure_Reports.MultiSelection -->
