<?xml version="1.0" encoding="UTF-8"?>
<!-- Generated by org.testng.reporters.JUnitReportReporter -->
<testsuite skipped="0" hostname="DESKTOP-GBMD9S2" name="testNG_Allure_Reports.WaitConcepts" tests="1" failures="0" timestamp="2021-02-04T01:34:38 EST" time="18.424" errors="0">
  <testcase name="waitConcept" time="18.424" classname="testNG_Allure_Reports.WaitConcepts"/>
  <system-out/>
</testsuite> <!-- testNG_Allure_Reports.WaitConcepts -->
