<?xml version="1.0" encoding="UTF-8"?>
<!-- Generated by org.testng.reporters.JUnitReportReporter -->
<testsuite skipped="0" hostname="DESKTOP-GBMD9S2" name="testNG_Allure_Reports.Custom_Xpath" tests="1" failures="0" timestamp="2021-02-03T20:58:02 EST" time="22.718" errors="0">
  <testcase name="xpath" time="22.718" classname="testNG_Allure_Reports.Custom_Xpath"/>
  <system-out/>
</testsuite> <!-- testNG_Allure_Reports.Custom_Xpath -->
