<?xml version="1.0" encoding="UTF-8"?>
<!-- Generated by org.testng.reporters.JUnitReportReporter -->
<testsuite skipped="0" hostname="DESKTOP-GBMD9S2" name="allure_Reports.VeryfiyFcaebook" tests="2" failures="0" timestamp="2021-01-26T19:08:57 EST" time="19.342" errors="0">
  <testcase name="verifyFacebookTitle" time="11.739" classname="allure_Reports.VeryfiyFcaebook"/>
  <system-out/>
  <testcase name="verifyFacebookURL" time="7.603" classname="allure_Reports.VeryfiyFcaebook"/>
  <system-out/>
</testsuite> <!-- allure_Reports.VeryfiyFcaebook -->
