<?xml version="1.0" encoding="UTF-8"?>
<!-- Generated by org.testng.reporters.JUnitReportReporter -->
<testsuite skipped="0" hostname="DESKTOP-GBMD9S2" name="allure_Reports.GoogleSearch" tests="1" failures="0" timestamp="2021-01-26T02:13:58 EST" time="14.433" errors="0">
  <testcase name="searchTextInGoogle" time="14.433" classname="allure_Reports.GoogleSearch"/>
  <system-out/>
</testsuite> <!-- allure_Reports.GoogleSearch -->
